14-Oct-2020 11:04:24.793 정보 [main] org.apache.catalina.startup.VersionLoggerListener.log 서버 버전 이름:        Apache Tomcat/9.0.39
14-Oct-2020 11:04:24.801 정보 [main] org.apache.catalina.startup.VersionLoggerListener.log Server 빌드 시각:          Oct 6 2020 14:11:46 UTC
14-Oct-2020 11:04:24.801 정보 [main] org.apache.catalina.startup.VersionLoggerListener.log Server 버전 번호:         9.0.39.0
14-Oct-2020 11:04:24.802 정보 [main] org.apache.catalina.startup.VersionLoggerListener.log 운영체제 이름:               Windows 10
14-Oct-2020 11:04:24.802 정보 [main] org.apache.catalina.startup.VersionLoggerListener.log 운영체제 버전:            10.0
14-Oct-2020 11:04:24.802 정보 [main] org.apache.catalina.startup.VersionLoggerListener.log 아키텍처:          amd64
14-Oct-2020 11:04:24.803 정보 [main] org.apache.catalina.startup.VersionLoggerListener.log 자바 홈:             C:\Program Files\Java\jdk1.8.0_191\jre
14-Oct-2020 11:04:24.803 정보 [main] org.apache.catalina.startup.VersionLoggerListener.log JVM 버전:           1.8.0_191-b12
14-Oct-2020 11:04:24.803 정보 [main] org.apache.catalina.startup.VersionLoggerListener.log JVM 벤더:            Oracle Corporation
14-Oct-2020 11:04:24.804 정보 [main] org.apache.catalina.startup.VersionLoggerListener.log CATALINA_BASE:         C:\Users\82105\TIL\2020\October 2020\JSP\apache-tomcat-9.0.39
14-Oct-2020 11:04:24.804 정보 [main] org.apache.catalina.startup.VersionLoggerListener.log CATALINA_HOME:         C:\Users\82105\TIL\2020\October 2020\JSP\apache-tomcat-9.0.39
14-Oct-2020 11:04:24.806 정보 [main] org.apache.catalina.startup.VersionLoggerListener.log 명령 행 아규먼트: -Djava.util.logging.config.file=C:\Users\82105\TIL\2020\October 2020\JSP\apache-tomcat-9.0.39\conf\logging.properties
14-Oct-2020 11:04:24.807 정보 [main] org.apache.catalina.startup.VersionLoggerListener.log 명령 행 아규먼트: -Djava.util.logging.manager=org.apache.juli.ClassLoaderLogManager
14-Oct-2020 11:04:24.808 정보 [main] org.apache.catalina.startup.VersionLoggerListener.log 명령 행 아규먼트: -Djdk.tls.ephemeralDHKeySize=2048
14-Oct-2020 11:04:24.809 정보 [main] org.apache.catalina.startup.VersionLoggerListener.log 명령 행 아규먼트: -Djava.protocol.handler.pkgs=org.apache.catalina.webresources
14-Oct-2020 11:04:24.810 정보 [main] org.apache.catalina.startup.VersionLoggerListener.log 명령 행 아규먼트: -Dignore.endorsed.dirs=
14-Oct-2020 11:04:24.811 정보 [main] org.apache.catalina.startup.VersionLoggerListener.log 명령 행 아규먼트: -Dcatalina.base=C:\Users\82105\TIL\2020\October 2020\JSP\apache-tomcat-9.0.39
14-Oct-2020 11:04:24.815 정보 [main] org.apache.catalina.startup.VersionLoggerListener.log 명령 행 아규먼트: -Dcatalina.home=C:\Users\82105\TIL\2020\October 2020\JSP\apache-tomcat-9.0.39
14-Oct-2020 11:04:24.819 정보 [main] org.apache.catalina.startup.VersionLoggerListener.log 명령 행 아규먼트: -Djava.io.tmpdir=C:\Users\82105\TIL\2020\October 2020\JSP\apache-tomcat-9.0.39\temp
14-Oct-2020 11:04:24.837 정보 [main] org.apache.catalina.core.AprLifecycleListener.lifecycleEvent 프로덕션 환경들에서 최적의 성능을 제공하는, APR 기반 Apache Tomcat Native 라이브러리가, 다음 java.library.path에서 발견되지 않습니다: [C:\Program Files\Java\jdk1.8.0_191\bin;C:\WINDOWS\Sun\Java\bin;C:\WINDOWS\system32;C:\WINDOWS;C:\Users\82105\swigwin-3.0.12;C:\Program Files (x86)\NetSarang\Xshell 6\;C:\Windows\system32;C:\Windows;C:\Windows\System32\Wbem;C:\Windows\System32\WindowsPowerShell\v1.0\;C:\Windows\System32\OpenSSH\;C:\Program Files\Java\jdk1.8.0_191\bin;C:\Program Files\Java\jdk1.8.0_191;C:\Program Files (x86)\Inno Setup 5;C:\Program Files (x86)\WiX Toolset v3.11\bin;C:\Program Files (x86)\NVIDIA Corporation\PhysX\Common;C:\Users\82105\pyscard-1.9.9;C:\Users\82105\swig-4.0.1;C:\Program Files\Git\cmd;C:\Program Files (x86)\mingw-w64\i686-8.1.0-posix-dwarf-rt_v6-rev0\mingw32\bin;C:\Program Files\dotnet\;C:\Strawberry\c\bin;C:\Strawberry\perl\site\bin;C:\Strawberry\perl\bin;C:\WINDOWS\system32;C:\WINDOWS;C:\WINDOWS\System32\Wbem;C:\WINDOWS\System32\WindowsPowerShell\v1.0\;C:\WINDOWS\System32\OpenSSH\;C:\Users\82105\TIL\2020\October 2020\JSP\apache-tomcat-9.0.39\bin;C:\Users\82105\AppData\Local\Programs\Python\Python38-32\Scripts\;C:\Users\82105\AppData\Local\Programs\Python\Python38-32\;C:\Users\82105\AppData\Local\Microsoft\WindowsApps;C:\Users\82105\AppData\Local\GitHubDesktop\bin;C:\Program Files\Bandizip\;C:\Program Files\JetBrains\PyCharm 2019.2.2\bin;;C:\Program Files\JetBrains\CLion 2019.2.2\bin;;C:\Program Files\Java\jdk1.8.0_191;C:\Program Files (x86)\Inno Setup 5;C:\Users\82105\swig-4.0.1;C:\Users\82105\swigwin-3.0.12;;C:\Users\82105\AppData\Local\Programs\Microsoft VS Code\bin;C:\Users\82105\AppData\Local\Microsoft\WindowsApps;.]
14-Oct-2020 11:04:25.223 정보 [main] org.apache.coyote.AbstractProtocol.init 프로토콜 핸들러 ["http-nio-8080"]을(를) 초기화합니다.
14-Oct-2020 11:04:25.820 정보 [main] org.apache.catalina.startup.Catalina.load [1275] 밀리초 내에 서버가 초기화되었습니다.
14-Oct-2020 11:04:25.865 정보 [main] org.apache.catalina.core.StandardService.startInternal 서비스 [Catalina]을(를) 시작합니다.
14-Oct-2020 11:04:25.868 정보 [main] org.apache.catalina.core.StandardEngine.startInternal 서버 엔진을 시작합니다: [Apache Tomcat/9.0.39]
14-Oct-2020 11:04:25.881 정보 [main] org.apache.catalina.startup.HostConfig.deployDirectory 웹 애플리케이션 디렉토리 [C:\Users\82105\TIL\2020\October 2020\JSP\apache-tomcat-9.0.39\webapps\docs]을(를) 배치합니다.
14-Oct-2020 11:04:26.206 정보 [main] org.apache.catalina.startup.HostConfig.deployDirectory 웹 애플리케이션 디렉토리 [C:\Users\82105\TIL\2020\October 2020\JSP\apache-tomcat-9.0.39\webapps\docs]에 대한 배치가 [324] 밀리초에 완료되었습니다.
14-Oct-2020 11:04:26.211 정보 [main] org.apache.catalina.startup.HostConfig.deployDirectory 웹 애플리케이션 디렉토리 [C:\Users\82105\TIL\2020\October 2020\JSP\apache-tomcat-9.0.39\webapps\examples]을(를) 배치합니다.
14-Oct-2020 11:04:26.781 정보 [main] org.apache.catalina.startup.HostConfig.deployDirectory 웹 애플리케이션 디렉토리 [C:\Users\82105\TIL\2020\October 2020\JSP\apache-tomcat-9.0.39\webapps\examples]에 대한 배치가 [569] 밀리초에 완료되었습니다.
14-Oct-2020 11:04:26.784 정보 [main] org.apache.catalina.startup.HostConfig.deployDirectory 웹 애플리케이션 디렉토리 [C:\Users\82105\TIL\2020\October 2020\JSP\apache-tomcat-9.0.39\webapps\host-manager]을(를) 배치합니다.
14-Oct-2020 11:04:26.854 정보 [main] org.apache.catalina.startup.HostConfig.deployDirectory 웹 애플리케이션 디렉토리 [C:\Users\82105\TIL\2020\October 2020\JSP\apache-tomcat-9.0.39\webapps\host-manager]에 대한 배치가 [70] 밀리초에 완료되었습니다.
14-Oct-2020 11:04:26.857 정보 [main] org.apache.catalina.startup.HostConfig.deployDirectory 웹 애플리케이션 디렉토리 [C:\Users\82105\TIL\2020\October 2020\JSP\apache-tomcat-9.0.39\webapps\manager]을(를) 배치합니다.
14-Oct-2020 11:04:26.909 정보 [main] org.apache.catalina.startup.HostConfig.deployDirectory 웹 애플리케이션 디렉토리 [C:\Users\82105\TIL\2020\October 2020\JSP\apache-tomcat-9.0.39\webapps\manager]에 대한 배치가 [52] 밀리초에 완료되었습니다.
14-Oct-2020 11:04:26.912 정보 [main] org.apache.catalina.startup.HostConfig.deployDirectory 웹 애플리케이션 디렉토리 [C:\Users\82105\TIL\2020\October 2020\JSP\apache-tomcat-9.0.39\webapps\ROOT]을(를) 배치합니다.
14-Oct-2020 11:04:26.949 정보 [main] org.apache.catalina.startup.HostConfig.deployDirectory 웹 애플리케이션 디렉토리 [C:\Users\82105\TIL\2020\October 2020\JSP\apache-tomcat-9.0.39\webapps\ROOT]에 대한 배치가 [37] 밀리초에 완료되었습니다.
14-Oct-2020 11:04:26.955 정보 [main] org.apache.coyote.AbstractProtocol.start 프로토콜 핸들러 ["http-nio-8080"]을(를) 시작합니다.
14-Oct-2020 11:04:26.969 정보 [main] org.apache.catalina.startup.Catalina.start 서버가 [1141] 밀리초 내에 시작되었습니다.
14-Oct-2020 11:04:53.246 정보 [main] org.apache.catalina.startup.VersionLoggerListener.log 서버 버전 이름:        Apache Tomcat/9.0.39
14-Oct-2020 11:04:53.251 정보 [main] org.apache.catalina.startup.VersionLoggerListener.log Server 빌드 시각:          Oct 6 2020 14:11:46 UTC
14-Oct-2020 11:04:53.251 정보 [main] org.apache.catalina.startup.VersionLoggerListener.log Server 버전 번호:         9.0.39.0
14-Oct-2020 11:04:53.252 정보 [main] org.apache.catalina.startup.VersionLoggerListener.log 운영체제 이름:               Windows 10
14-Oct-2020 11:04:53.252 정보 [main] org.apache.catalina.startup.VersionLoggerListener.log 운영체제 버전:            10.0
14-Oct-2020 11:04:53.253 정보 [main] org.apache.catalina.startup.VersionLoggerListener.log 아키텍처:          amd64
14-Oct-2020 11:04:53.253 정보 [main] org.apache.catalina.startup.VersionLoggerListener.log 자바 홈:             C:\Program Files\Java\jdk1.8.0_191\jre
14-Oct-2020 11:04:53.253 정보 [main] org.apache.catalina.startup.VersionLoggerListener.log JVM 버전:           1.8.0_191-b12
14-Oct-2020 11:04:53.253 정보 [main] org.apache.catalina.startup.VersionLoggerListener.log JVM 벤더:            Oracle Corporation
14-Oct-2020 11:04:53.254 정보 [main] org.apache.catalina.startup.VersionLoggerListener.log CATALINA_BASE:         C:\Users\82105\TIL\2020\October 2020\JSP\apache-tomcat-9.0.39
14-Oct-2020 11:04:53.254 정보 [main] org.apache.catalina.startup.VersionLoggerListener.log CATALINA_HOME:         C:\Users\82105\TIL\2020\October 2020\JSP\apache-tomcat-9.0.39
14-Oct-2020 11:04:53.256 정보 [main] org.apache.catalina.startup.VersionLoggerListener.log 명령 행 아규먼트: -Djava.util.logging.config.file=C:\Users\82105\TIL\2020\October 2020\JSP\apache-tomcat-9.0.39\conf\logging.properties
14-Oct-2020 11:04:53.257 정보 [main] org.apache.catalina.startup.VersionLoggerListener.log 명령 행 아규먼트: -Djava.util.logging.manager=org.apache.juli.ClassLoaderLogManager
14-Oct-2020 11:04:53.259 정보 [main] org.apache.catalina.startup.VersionLoggerListener.log 명령 행 아규먼트: -Djdk.tls.ephemeralDHKeySize=2048
14-Oct-2020 11:04:53.262 정보 [main] org.apache.catalina.startup.VersionLoggerListener.log 명령 행 아규먼트: -Djava.protocol.handler.pkgs=org.apache.catalina.webresources
14-Oct-2020 11:04:53.263 정보 [main] org.apache.catalina.startup.VersionLoggerListener.log 명령 행 아규먼트: -Dignore.endorsed.dirs=
14-Oct-2020 11:04:53.265 정보 [main] org.apache.catalina.startup.VersionLoggerListener.log 명령 행 아규먼트: -Dcatalina.base=C:\Users\82105\TIL\2020\October 2020\JSP\apache-tomcat-9.0.39
14-Oct-2020 11:04:53.270 정보 [main] org.apache.catalina.startup.VersionLoggerListener.log 명령 행 아규먼트: -Dcatalina.home=C:\Users\82105\TIL\2020\October 2020\JSP\apache-tomcat-9.0.39
14-Oct-2020 11:04:53.271 정보 [main] org.apache.catalina.startup.VersionLoggerListener.log 명령 행 아규먼트: -Djava.io.tmpdir=C:\Users\82105\TIL\2020\October 2020\JSP\apache-tomcat-9.0.39\temp
14-Oct-2020 11:04:53.291 정보 [main] org.apache.catalina.core.AprLifecycleListener.lifecycleEvent 프로덕션 환경들에서 최적의 성능을 제공하는, APR 기반 Apache Tomcat Native 라이브러리가, 다음 java.library.path에서 발견되지 않습니다: [C:\Program Files\Java\jdk1.8.0_191\bin;C:\WINDOWS\Sun\Java\bin;C:\WINDOWS\system32;C:\WINDOWS;C:\Users\82105\swigwin-3.0.12;C:\Program Files (x86)\NetSarang\Xshell 6\;C:\Windows\system32;C:\Windows;C:\Windows\System32\Wbem;C:\Windows\System32\WindowsPowerShell\v1.0\;C:\Windows\System32\OpenSSH\;C:\Program Files\Java\jdk1.8.0_191\bin;C:\Program Files\Java\jdk1.8.0_191;C:\Program Files (x86)\Inno Setup 5;C:\Program Files (x86)\WiX Toolset v3.11\bin;C:\Program Files (x86)\NVIDIA Corporation\PhysX\Common;C:\Users\82105\pyscard-1.9.9;C:\Users\82105\swig-4.0.1;C:\Program Files\Git\cmd;C:\Program Files (x86)\mingw-w64\i686-8.1.0-posix-dwarf-rt_v6-rev0\mingw32\bin;C:\Program Files\dotnet\;C:\Strawberry\c\bin;C:\Strawberry\perl\site\bin;C:\Strawberry\perl\bin;C:\WINDOWS\system32;C:\WINDOWS;C:\WINDOWS\System32\Wbem;C:\WINDOWS\System32\WindowsPowerShell\v1.0\;C:\WINDOWS\System32\OpenSSH\;C:\Users\82105\TIL\2020\October 2020\JSP\apache-tomcat-9.0.39\bin;C:\Users\82105\AppData\Local\Programs\Python\Python38-32\Scripts\;C:\Users\82105\AppData\Local\Programs\Python\Python38-32\;C:\Users\82105\AppData\Local\Microsoft\WindowsApps;C:\Users\82105\AppData\Local\GitHubDesktop\bin;C:\Program Files\Bandizip\;C:\Program Files\JetBrains\PyCharm 2019.2.2\bin;;C:\Program Files\JetBrains\CLion 2019.2.2\bin;;C:\Program Files\Java\jdk1.8.0_191;C:\Program Files (x86)\Inno Setup 5;C:\Users\82105\swig-4.0.1;C:\Users\82105\swigwin-3.0.12;;C:\Users\82105\AppData\Local\Programs\Microsoft VS Code\bin;C:\Users\82105\AppData\Local\Microsoft\WindowsApps;.]
14-Oct-2020 11:04:53.667 정보 [main] org.apache.coyote.AbstractProtocol.init 프로토콜 핸들러 ["http-nio-8080"]을(를) 초기화합니다.
14-Oct-2020 11:04:54.195 정보 [main] org.apache.catalina.startup.Catalina.load [1217] 밀리초 내에 서버가 초기화되었습니다.
14-Oct-2020 11:04:54.235 정보 [main] org.apache.catalina.core.StandardService.startInternal 서비스 [Catalina]을(를) 시작합니다.
14-Oct-2020 11:04:54.241 정보 [main] org.apache.catalina.core.StandardEngine.startInternal 서버 엔진을 시작합니다: [Apache Tomcat/9.0.39]
14-Oct-2020 11:04:54.258 정보 [main] org.apache.catalina.startup.HostConfig.deployDirectory 웹 애플리케이션 디렉토리 [C:\Users\82105\TIL\2020\October 2020\JSP\apache-tomcat-9.0.39\webapps\docs]을(를) 배치합니다.
14-Oct-2020 11:04:54.593 정보 [main] org.apache.catalina.startup.HostConfig.deployDirectory 웹 애플리케이션 디렉토리 [C:\Users\82105\TIL\2020\October 2020\JSP\apache-tomcat-9.0.39\webapps\docs]에 대한 배치가 [334] 밀리초에 완료되었습니다.
14-Oct-2020 11:04:54.597 정보 [main] org.apache.catalina.startup.HostConfig.deployDirectory 웹 애플리케이션 디렉토리 [C:\Users\82105\TIL\2020\October 2020\JSP\apache-tomcat-9.0.39\webapps\examples]을(를) 배치합니다.
14-Oct-2020 11:04:55.177 정보 [main] org.apache.catalina.startup.HostConfig.deployDirectory 웹 애플리케이션 디렉토리 [C:\Users\82105\TIL\2020\October 2020\JSP\apache-tomcat-9.0.39\webapps\examples]에 대한 배치가 [581] 밀리초에 완료되었습니다.
14-Oct-2020 11:04:55.181 정보 [main] org.apache.catalina.startup.HostConfig.deployDirectory 웹 애플리케이션 디렉토리 [C:\Users\82105\TIL\2020\October 2020\JSP\apache-tomcat-9.0.39\webapps\host-manager]을(를) 배치합니다.
14-Oct-2020 11:04:55.248 정보 [main] org.apache.catalina.startup.HostConfig.deployDirectory 웹 애플리케이션 디렉토리 [C:\Users\82105\TIL\2020\October 2020\JSP\apache-tomcat-9.0.39\webapps\host-manager]에 대한 배치가 [67] 밀리초에 완료되었습니다.
14-Oct-2020 11:04:55.251 정보 [main] org.apache.catalina.startup.HostConfig.deployDirectory 웹 애플리케이션 디렉토리 [C:\Users\82105\TIL\2020\October 2020\JSP\apache-tomcat-9.0.39\webapps\manager]을(를) 배치합니다.
14-Oct-2020 11:04:55.324 정보 [main] org.apache.catalina.startup.HostConfig.deployDirectory 웹 애플리케이션 디렉토리 [C:\Users\82105\TIL\2020\October 2020\JSP\apache-tomcat-9.0.39\webapps\manager]에 대한 배치가 [72] 밀리초에 완료되었습니다.
14-Oct-2020 11:04:55.327 정보 [main] org.apache.catalina.startup.HostConfig.deployDirectory 웹 애플리케이션 디렉토리 [C:\Users\82105\TIL\2020\October 2020\JSP\apache-tomcat-9.0.39\webapps\ROOT]을(를) 배치합니다.
14-Oct-2020 11:04:55.369 정보 [main] org.apache.catalina.startup.HostConfig.deployDirectory 웹 애플리케이션 디렉토리 [C:\Users\82105\TIL\2020\October 2020\JSP\apache-tomcat-9.0.39\webapps\ROOT]에 대한 배치가 [42] 밀리초에 완료되었습니다.
14-Oct-2020 11:04:55.376 정보 [main] org.apache.coyote.AbstractProtocol.start 프로토콜 핸들러 ["http-nio-8080"]을(를) 시작합니다.
14-Oct-2020 11:04:55.388 정보 [main] org.apache.catalina.startup.Catalina.start 서버가 [1189] 밀리초 내에 시작되었습니다.
14-Oct-2020 14:11:11.313 정보 [Catalina-utility-2] org.apache.catalina.users.MemoryUserDatabase.backgroundProcess 변경된 소스 [file:/C:/Users/82105/TIL/2020/October%202020/JSP/apache-tomcat-9.0.39/conf/tomcat-users.xml](으)로부터 메모리 사용자 데이터베이스 [UserDatabase]을(를) 다시 로드합니다.
14-Oct-2020 14:11:11.322 정보 [Catalina-utility-2] org.apache.catalina.startup.HostConfig.undeploy 컨텍스트 []의 배치를 제거합니다.
14-Oct-2020 14:11:11.350 정보 [Catalina-utility-2] org.apache.catalina.startup.HostConfig.undeploy 컨텍스트 [/examples]의 배치를 제거합니다.
14-Oct-2020 14:11:11.359 정보 [Catalina-utility-2] org.apache.catalina.startup.HostConfig.undeploy 컨텍스트 [/host-manager]의 배치를 제거합니다.
14-Oct-2020 14:11:11.369 정보 [Catalina-utility-2] org.apache.catalina.startup.HostConfig.undeploy 컨텍스트 [/manager]의 배치를 제거합니다.
14-Oct-2020 14:11:11.378 정보 [Catalina-utility-2] org.apache.catalina.startup.HostConfig.undeploy 컨텍스트 [/docs]의 배치를 제거합니다.
14-Oct-2020 14:11:11.386 정보 [Catalina-utility-2] org.apache.catalina.startup.HostConfig.deployDirectory 웹 애플리케이션 디렉토리 [C:\Users\82105\TIL\2020\October 2020\JSP\apache-tomcat-9.0.39\webapps\docs]을(를) 배치합니다.
14-Oct-2020 14:11:11.443 정보 [Catalina-utility-2] org.apache.catalina.startup.HostConfig.deployDirectory 웹 애플리케이션 디렉토리 [C:\Users\82105\TIL\2020\October 2020\JSP\apache-tomcat-9.0.39\webapps\docs]에 대한 배치가 [57] 밀리초에 완료되었습니다.
14-Oct-2020 14:11:11.448 정보 [Catalina-utility-2] org.apache.catalina.startup.HostConfig.deployDirectory 웹 애플리케이션 디렉토리 [C:\Users\82105\TIL\2020\October 2020\JSP\apache-tomcat-9.0.39\webapps\examples]을(를) 배치합니다.
14-Oct-2020 14:11:12.095 정보 [Catalina-utility-2] org.apache.catalina.startup.HostConfig.deployDirectory 웹 애플리케이션 디렉토리 [C:\Users\82105\TIL\2020\October 2020\JSP\apache-tomcat-9.0.39\webapps\examples]에 대한 배치가 [647] 밀리초에 완료되었습니다.
14-Oct-2020 14:11:12.098 정보 [Catalina-utility-2] org.apache.catalina.startup.HostConfig.deployDirectory 웹 애플리케이션 디렉토리 [C:\Users\82105\TIL\2020\October 2020\JSP\apache-tomcat-9.0.39\webapps\host-manager]을(를) 배치합니다.
14-Oct-2020 14:11:12.144 정보 [Catalina-utility-2] org.apache.catalina.startup.HostConfig.deployDirectory 웹 애플리케이션 디렉토리 [C:\Users\82105\TIL\2020\October 2020\JSP\apache-tomcat-9.0.39\webapps\host-manager]에 대한 배치가 [46] 밀리초에 완료되었습니다.
14-Oct-2020 14:11:12.147 정보 [Catalina-utility-2] org.apache.catalina.startup.HostConfig.deployDirectory 웹 애플리케이션 디렉토리 [C:\Users\82105\TIL\2020\October 2020\JSP\apache-tomcat-9.0.39\webapps\manager]을(를) 배치합니다.
14-Oct-2020 14:11:12.196 정보 [Catalina-utility-2] org.apache.catalina.startup.HostConfig.deployDirectory 웹 애플리케이션 디렉토리 [C:\Users\82105\TIL\2020\October 2020\JSP\apache-tomcat-9.0.39\webapps\manager]에 대한 배치가 [49] 밀리초에 완료되었습니다.
14-Oct-2020 14:11:12.201 정보 [Catalina-utility-2] org.apache.catalina.startup.HostConfig.deployDirectory 웹 애플리케이션 디렉토리 [C:\Users\82105\TIL\2020\October 2020\JSP\apache-tomcat-9.0.39\webapps\ROOT]을(를) 배치합니다.
14-Oct-2020 14:11:12.243 정보 [Catalina-utility-2] org.apache.catalina.startup.HostConfig.deployDirectory 웹 애플리케이션 디렉토리 [C:\Users\82105\TIL\2020\October 2020\JSP\apache-tomcat-9.0.39\webapps\ROOT]에 대한 배치가 [43] 밀리초에 완료되었습니다.
